<?xml version="1.0" encoding="UTF-8"?>
<!-- Generated by org.testng.reporters.JUnitReportReporter -->
<testsuite hostname="VENKAT" failures="0" tests="3" name="Selenium.office_login" time="5.002" errors="0" timestamp="2023-05-01T16:35:16 IST" skipped="0">
  <testcase classname="Selenium.office_login" name="office3" time="1.081"/>
  <system-out/>
  <testcase classname="Selenium.office_login" name="office1" time="1.701"/>
  <system-out/>
  <testcase classname="Selenium.office_login" name="office2" time="2.220"/>
  <system-out/>
</testsuite> <!-- Selenium.office_login -->
