<?xml version="1.0" encoding="UTF-8"?>
<!-- Generated by org.testng.reporters.JUnitReportReporter -->
<testsuite hostname="VENKAT" failures="0" tests="2" name="Selenium.orangeHRM" time="14.456" errors="0" timestamp="2023-05-01T16:38:28 IST" skipped="0">
  <testcase classname="Selenium.orangeHRM" name="OrangeHRM" time="8.435"/>
  <system-out/>
  <testcase classname="Selenium.orangeHRM" name="click" time="6.021"/>
  <system-out/>
</testsuite> <!-- Selenium.orangeHRM -->
