<?xml version="1.0" encoding="UTF-8"?>
<!-- Generated by org.testng.reporters.JUnitReportReporter -->
<testsuite hostname="VENKAT" failures="0" tests="3" name="Selenium.innojclogin" time="7.040" errors="0" timestamp="2023-05-01T16:30:35 IST" skipped="0">
  <testcase classname="Selenium.innojclogin" name="login1" time="1.649"/>
  <system-out/>
  <testcase classname="Selenium.innojclogin" name="login2" time="2.040"/>
  <system-out/>
  <testcase classname="Selenium.innojclogin" name="login3" time="3.351"/>
  <system-out/>
</testsuite> <!-- Selenium.innojclogin -->
