<?xml version="1.0" encoding="UTF-8"?>
<!-- Generated by org.testng.reporters.JUnitReportReporter -->
<testsuite hostname="VENKAT" failures="0" tests="4" name="Selenium.facebook" time="12.661" errors="0" timestamp="2023-05-01T16:23:08 IST" skipped="0">
  <testcase classname="Selenium.facebook" name="fb_test1" time="2.939"/>
  <system-out/>
  <testcase classname="Selenium.facebook" name="fb_test2" time="4.396"/>
  <system-out/>
  <testcase classname="Selenium.facebook" name="fb_test3" time="3.173"/>
  <system-out/>
  <testcase classname="Selenium.facebook" name="fb_test4" time="2.153"/>
  <system-out/>
</testsuite> <!-- Selenium.facebook -->
